#
# There is insufficient memory for the Java Runtime Environment to continue.
# Native memory allocation (malloc) failed to allocate 1048576 bytes for AllocateHeap
# Possible reasons:
#   The system is out of physical RAM or swap space
#   The process is running with CompressedOops enabled, and the Java Heap may be blocking the growth of the native heap
# Possible solutions:
#   Reduce memory load on the system
#   Increase physical memory or swap space
#   Check if swap backing store is full
#   Decrease Java heap size (-Xmx/-Xms)
#   Decrease number of Java threads
#   Decrease Java thread stack sizes (-Xss)
#   Set larger code cache with -XX:ReservedCodeCacheSize=
#   JVM is running with Unscaled Compressed Oops mode in which the Java heap is
#     placed in the first 4GB address space. The Java Heap base address is the
#     maximum limit for the native heap growth. Please use -XX:HeapBaseMinAddress
#     to set the Java Heap base and to place the Java Heap above 4GB virtual address.
# This output file may be truncated or incomplete.
#
#  Out of Memory Error (memory/allocation.inline.hpp:61), pid=19164, tid=0x0000000000005438
#
# JRE version:  (8.0_251-b08) (build )
# Java VM: Java HotSpot(TM) 64-Bit Server VM (25.251-b08 mixed mode windows-amd64 compressed oops)
# Failed to write core dump. Minidumps are not enabled by default on client versions of Windows
#

---------------  T H R E A D  ---------------

Current thread (0x00000000012ee000):  JavaThread "Unknown thread" [_thread_in_vm, id=21560, stack(0x0000000002b60000,0x0000000002c60000)]

Stack: [0x0000000002b60000,0x0000000002c60000]
[error occurred during error reporting (printing stack bounds), id 0xc0000005]

Native frames: (J=compiled Java code, j=interpreted, Vv=VM code, C=native code)


---------------  P R O C E S S  ---------------

Java Threads: ( => current thread )

Other Threads:

=>0x00000000012ee000 (exited) JavaThread "Unknown thread" [_thread_in_vm, id=21560, stack(0x0000000002b60000,0x0000000002c60000)]

VM state:not at safepoint (normal execution)

VM Mutex/Monitor currently owned by a thread: None

heap address: 0x00000000c1e00000, size: 994 MB, Compressed Oops mode: 32-bit
Narrow klass base: 0x0000000000000000, Narrow klass shift: 3
Compressed class space size: 1073741824 Address: 0x0000000100000000

Heap:
 PSYoungGen      total 18944K, used 327K [0x00000000eb500000, 0x00000000eca00000, 0x0000000100000000)
  eden space 16384K, 2% used [0x00000000eb500000,0x00000000eb551ec8,0x00000000ec500000)
  from space 2560K, 0% used [0x00000000ec780000,0x00000000ec780000,0x00000000eca00000)
  to   space 2560K, 0% used [0x00000000ec500000,0x00000000ec500000,0x00000000ec780000)
 ParOldGen       total 44032K, used 0K [0x00000000c1e00000, 0x00000000c4900000, 0x00000000eb500000)
  object space 44032K, 0% used [0x00000000c1e00000,0x00000000c1e00000,0x00000000c4900000)
 Metaspace       used 752K, capacity 4480K, committed 4480K, reserved 1056768K
  class space    used 76K, capacity 384K, committed 384K, reserved 1048576K

Card table byte_map: [0x0000000012120000,0x0000000012320000] byte_map_base: 0x0000000011b11000

Marking Bits: (ParMarkBitMap*) 0x000000006211af90
 Begin Bits: [0x0000000012870000, 0x00000000137f8000)
 End Bits:   [0x00000000137f8000, 0x0000000014780000)

Polling page: 0x0000000001150000

CodeCache: size=245760Kb used=328Kb max_used=328Kb free=245431Kb
 bounds [0x0000000002d60000, 0x0000000002fd0000, 0x0000000011d60000]
 total_blobs=58 nmethods=0 adapters=38
 compilation: enabled

Compilation events (0 events):
No events

GC Heap History (0 events):
No events

Deoptimization events (0 events):
No events

Classes redefined (0 events):
No events

Internal exceptions (0 events):
No events

Events (10 events):
Event: 0.062 loading class java/lang/Short
Event: 0.062 loading class java/lang/Short done
Event: 0.062 loading class java/lang/Integer
Event: 0.062 loading class java/lang/Integer done
Event: 0.062 loading class java/lang/Long
Event: 0.062 loading class java/lang/Long done
Event: 0.064 loading class java/lang/NullPointerException
Event: 0.064 loading class java/lang/NullPointerException done
Event: 0.064 loading class java/lang/ArithmeticException
Event: 0.064 loading class java/lang/ArithmeticException done


Dynamic libraries:
0x00007ff69e900000 - 0x00007ff69e937000 	C:\Program Files\Java\jre1.8.0_251\bin\javaw.exe
0x00007ffa96760000 - 0x00007ffa96950000 	C:\WINDOWS\SYSTEM32\ntdll.dll
0x00007ffa71250000 - 0x00007ffa71262000 	C:\Program Files\AVAST Software\Avast\aswhook.dll
0x00007ffa94c20000 - 0x00007ffa94cd2000 	C:\WINDOWS\System32\KERNEL32.DLL
0x00007ffa93b20000 - 0x00007ffa93dc5000 	C:\WINDOWS\System32\KERNELBASE.dll
0x00007ffa94ea0000 - 0x00007ffa94f43000 	C:\WINDOWS\System32\ADVAPI32.dll
0x00007ffa94ce0000 - 0x00007ffa94d7e000 	C:\WINDOWS\System32\msvcrt.dll
0x00007ffa95100000 - 0x00007ffa95197000 	C:\WINDOWS\System32\sechost.dll
0x00007ffa94d80000 - 0x00007ffa94ea0000 	C:\WINDOWS\System32\RPCRT4.dll
0x00007ffa95270000 - 0x00007ffa95405000 	C:\WINDOWS\System32\USER32.dll
0x00007ffa93df0000 - 0x00007ffa93e11000 	C:\WINDOWS\System32\win32u.dll
0x00007ffa95420000 - 0x00007ffa95446000 	C:\WINDOWS\System32\GDI32.dll
0x00007ffa93e20000 - 0x00007ffa93fb6000 	C:\WINDOWS\System32\gdi32full.dll
0x00007ffa93ff0000 - 0x00007ffa9408e000 	C:\WINDOWS\System32\msvcp_win.dll
0x00007ffa936f0000 - 0x00007ffa937ea000 	C:\WINDOWS\System32\ucrtbase.dll
0x00007ffa81d20000 - 0x00007ffa81fa4000 	C:\WINDOWS\WinSxS\amd64_microsoft.windows.common-controls_6595b64144ccf1df_6.0.18362.1082_none_9e8193e1e45b25c1\COMCTL32.dll
0x00007ffa94880000 - 0x00007ffa94bb5000 	C:\WINDOWS\System32\combase.dll
0x00007ffa937f0000 - 0x00007ffa93870000 	C:\WINDOWS\System32\bcryptPrimitives.dll
0x00007ffa963d0000 - 0x00007ffa963fe000 	C:\WINDOWS\System32\IMM32.DLL
0x0000000061810000 - 0x00000000618e2000 	C:\Program Files\Java\jre1.8.0_251\bin\msvcr100.dll
0x00000000618f0000 - 0x000000006219b000 	C:\Program Files\Java\jre1.8.0_251\bin\server\jvm.dll
0x00007ffa963c0000 - 0x00007ffa963c8000 	C:\WINDOWS\System32\PSAPI.DLL
0x00007ffa882a0000 - 0x00007ffa882a9000 	C:\WINDOWS\SYSTEM32\WSOCK32.dll
0x00007ffa95d40000 - 0x00007ffa95daf000 	C:\WINDOWS\System32\WS2_32.dll
0x00007ffa89770000 - 0x00007ffa89794000 	C:\WINDOWS\SYSTEM32\WINMM.dll
0x00007ffa8da80000 - 0x00007ffa8da8a000 	C:\WINDOWS\SYSTEM32\VERSION.dll
0x00007ffa89740000 - 0x00007ffa8976d000 	C:\WINDOWS\SYSTEM32\WINMMBASE.dll
0x00007ffa93920000 - 0x00007ffa9396a000 	C:\WINDOWS\System32\cfgmgr32.dll
0x00007ffa851f0000 - 0x00007ffa851ff000 	C:\Program Files\Java\jre1.8.0_251\bin\verify.dll
0x00007ffa71a00000 - 0x00007ffa71a29000 	C:\Program Files\Java\jre1.8.0_251\bin\java.dll
0x00007ffa713b0000 - 0x00007ffa713c6000 	C:\Program Files\Java\jre1.8.0_251\bin\zip.dll

VM Arguments:
jvm_args: -Dfile.encoding=Cp1252 
java_command: Exercicio1
java_class_path (initial): C:\Users\copan\eclipse-workspace\JavaSwing\bin
Launcher Type: SUN_STANDARD

Environment Variables:
JAVA_HOME=C:\Program Files\Java\jdk1.8.0_251
PATH=C:/Program Files/Java/jre1.8.0_251/bin/server;C:/Program Files/Java/jre1.8.0_251/bin;C:/Program Files/Java/jre1.8.0_251/lib/amd64;C:\Program Files (x86)\Common Files\Oracle\Java\javapath;C:\WINDOWS\system32;C:\WINDOWS;C:\WINDOWS\System32\Wbem;C:\WINDOWS\System32\WindowsPowerShell\v1.0\;C:\WINDOWS\System32\OpenSSH\;";C:\Program Files\Java\jdk1.8.0_251\bin";C:\Program Files\Git\cmd;C:\Users\copan\AppData\Roaming\npm;C:\Program Files\nodejs;C:\Users\copan\AppData\Local\Microsoft\WindowsApps;C:\Users\copan\AppData\Local\Programs\Microsoft VS Code\bin;C:\Program Files\Java\jdk1.8.0_251\bin;E:\Aleatorio\Aplicativos\Sublime Text 3;C:\Program Files\nodejs;C:\Users\copan\AppData\Roaming\npm;;C:\Users\copan\OneDrive\Área de Trabalho;
USERNAME=copan
OS=Windows_NT
PROCESSOR_IDENTIFIER=Intel64 Family 6 Model 78 Stepping 3, GenuineIntel



---------------  S Y S T E M  ---------------

OS: Windows 10.0 , 64 bit Build 18362 (10.0.18362.1082)

CPU:total 4 (initial active 4) (2 cores per cpu, 2 threads per core) family 6 model 78 stepping 3, cmov, cx8, fxsr, mmx, sse, sse2, sse3, ssse3, sse4.1, sse4.2, popcnt, avx, avx2, aes, clmul, erms, 3dnowpref, lzcnt, ht, tsc, tscinvbit, bmi1, bmi2, adx

Memory: 4k page, physical 4066020k(370188k free), swap 16648932k(7060k free)

vm_info: Java HotSpot(TM) 64-Bit Server VM (25.251-b08) for windows-amd64 JRE (1.8.0_251-b08), built on Mar 12 2020 06:31:49 by "" with MS VC++ 10.0 (VS2010)

time: Sat Sep 12 19:35:30 2020
timezone: Hora oficial do Brasil
elapsed time: 0 seconds (0d 0h 0m 0s)

